2023-03-17 10:50:26 [main] INFO  c.k.k.controllers.UserControllerTest - Starting UserControllerTest using Java 18.0.1.1 on DESKTOP-9RD7I2V with PID 16884 (started by JAVA in C:\Users\JAVA\IdeaProjects\KaraokeMaker)
2023-03-17 10:50:26 [main] INFO  c.k.k.controllers.UserControllerTest - No active profile set, falling back to 1 default profile: "default"
2023-03-17 10:50:30 [main] INFO  o.s.d.r.c.RepositoryConfigurationDelegate - Bootstrapping Spring Data JPA repositories in DEFAULT mode.
2023-03-17 10:50:30 [main] INFO  o.s.d.r.c.RepositoryConfigurationDelegate - Finished Spring Data repository scanning in 130 ms. Found 3 JPA repository interfaces.
2023-03-17 10:50:35 [main] INFO  org.ehcache.core.EhcacheManager - Cache 'Songs' created in EhcacheManager.
2023-03-17 10:50:35 [main] INFO  org.ehcache.jsr107.Eh107CacheManager - Registering Ehcache MBean javax.cache:type=CacheStatistics,CacheManager=file./C./Users/JAVA/IdeaProjects/KaraokeMaker/target/classes/ehcache.xml,Cache=Songs
2023-03-17 10:50:36 [main] INFO  org.ehcache.jsr107.Eh107CacheManager - Registering Ehcache MBean javax.cache:type=CacheStatistics,CacheManager=file./C./Users/JAVA/IdeaProjects/KaraokeMaker/target/classes/ehcache.xml,Cache=Songs
2023-03-17 10:50:37 [main] INFO  o.h.jpa.internal.util.LogHelper - HHH000204: Processing PersistenceUnitInfo [name: default]
2023-03-17 10:50:37 [main] INFO  org.hibernate.Version - HHH000412: Hibernate ORM core version 5.6.12.Final
2023-03-17 10:50:37 [main] INFO  o.h.annotations.common.Version - HCANN000001: Hibernate Commons Annotations {5.1.2.Final}
2023-03-17 10:50:38 [main] INFO  com.zaxxer.hikari.HikariDataSource - HikariPool-1 - Starting...
2023-03-17 10:50:38 [main] INFO  com.zaxxer.hikari.HikariDataSource - HikariPool-1 - Start completed.
2023-03-17 10:50:38 [main] INFO  org.hibernate.dialect.Dialect - HHH000400: Using dialect: org.hibernate.dialect.H2Dialect
2023-03-17 10:50:40 [main] INFO  o.h.e.t.j.p.i.JtaPlatformInitiator - HHH000490: Using JtaPlatform implementation: [org.hibernate.engine.transaction.jta.platform.internal.NoJtaPlatform]
2023-03-17 10:50:40 [main] INFO  o.s.o.j.LocalContainerEntityManagerFactoryBean - Initialized JPA EntityManagerFactory for persistence unit 'default'
2023-03-17 10:50:42 [main] INFO  o.s.b.a.e.web.EndpointLinksResolver - Exposing 1 endpoint(s) beneath base path '/actuator'
2023-03-17 10:50:42 [main] WARN  o.s.b.a.o.j.JpaBaseConfiguration$JpaWebConfiguration - spring.jpa.open-in-view is enabled by default. Therefore, database queries may be performed during view rendering. Explicitly configure spring.jpa.open-in-view to disable this warning
2023-03-17 10:50:43 [main] INFO  o.s.b.a.h.H2ConsoleAutoConfiguration - H2 console available at '/h2-console'. Database available at 'jdbc:h2:file:./data/sample'
2023-03-17 10:50:44 [main] INFO  o.s.s.web.DefaultSecurityFilterChain - Will secure any request with [org.springframework.security.web.session.DisableEncodeUrlFilter@40f40221, org.springframework.security.web.context.request.async.WebAsyncManagerIntegrationFilter@16441c13, org.springframework.security.web.context.SecurityContextPersistenceFilter@4b48be5c, org.springframework.security.web.header.HeaderWriterFilter@623dc959, org.springframework.security.web.authentication.logout.LogoutFilter@1dc47df3, com.karaoke.karaokemaker.config.JsonObjectAuthenticationFilter@6d3b59e2, org.springframework.security.web.authentication.UsernamePasswordAuthenticationFilter@797a5b31, com.karaoke.karaokemaker.config.JwtAuthorizationFilter@164dfad2, org.springframework.security.web.savedrequest.RequestCacheAwareFilter@10c26161, org.springframework.security.web.servletapi.SecurityContextHolderAwareRequestFilter@6b28d4e4, org.springframework.security.web.authentication.AnonymousAuthenticationFilter@76480730, org.springframework.security.web.session.SessionManagementFilter@5e05064b, org.springframework.security.web.access.ExceptionTranslationFilter@232bfb3c, org.springframework.security.web.access.intercept.AuthorizationFilter@5d41b929]
2023-03-17 10:50:45 [main] INFO  o.s.b.t.m.w.SpringBootMockServletContext - Initializing Spring TestDispatcherServlet ''
2023-03-17 10:50:45 [main] INFO  o.s.t.w.s.TestDispatcherServlet - Initializing Servlet ''
2023-03-17 10:50:45 [main] INFO  o.s.t.w.s.TestDispatcherServlet - Completed initialization in 3 ms
2023-03-17 10:50:47 [main] INFO  c.k.k.controllers.UserControllerTest - Started UserControllerTest in 21.715 seconds (JVM running for 25.805)
2023-03-17 10:50:47 [SpringApplicationShutdownHook] INFO  o.s.o.j.LocalContainerEntityManagerFactoryBean - Closing JPA EntityManagerFactory for persistence unit 'default'
2023-03-17 10:50:47 [SpringApplicationShutdownHook] INFO  com.zaxxer.hikari.HikariDataSource - HikariPool-1 - Shutdown initiated...
2023-03-17 10:50:47 [SpringApplicationShutdownHook] INFO  com.zaxxer.hikari.HikariDataSource - HikariPool-1 - Shutdown completed.
2023-03-17 10:50:47 [SpringApplicationShutdownHook] INFO  org.ehcache.core.EhcacheManager - Cache 'Songs' removed from EhcacheManager.
2023-03-17 10:51:05 [main] INFO  c.k.k.controllers.UserControllerTest - Starting UserControllerTest using Java 18.0.1.1 on DESKTOP-9RD7I2V with PID 2264 (started by JAVA in C:\Users\JAVA\IdeaProjects\KaraokeMaker)
2023-03-17 10:51:05 [main] INFO  c.k.k.controllers.UserControllerTest - No active profile set, falling back to 1 default profile: "default"
2023-03-17 10:51:08 [main] INFO  o.s.d.r.c.RepositoryConfigurationDelegate - Bootstrapping Spring Data JPA repositories in DEFAULT mode.
2023-03-17 10:51:09 [main] INFO  o.s.d.r.c.RepositoryConfigurationDelegate - Finished Spring Data repository scanning in 120 ms. Found 3 JPA repository interfaces.
2023-03-17 10:51:12 [main] INFO  org.ehcache.core.EhcacheManager - Cache 'Songs' created in EhcacheManager.
2023-03-17 10:51:13 [main] INFO  org.ehcache.jsr107.Eh107CacheManager - Registering Ehcache MBean javax.cache:type=CacheStatistics,CacheManager=file./C./Users/JAVA/IdeaProjects/KaraokeMaker/target/classes/ehcache.xml,Cache=Songs
2023-03-17 10:51:13 [main] INFO  org.ehcache.jsr107.Eh107CacheManager - Registering Ehcache MBean javax.cache:type=CacheStatistics,CacheManager=file./C./Users/JAVA/IdeaProjects/KaraokeMaker/target/classes/ehcache.xml,Cache=Songs
2023-03-17 10:51:13 [main] INFO  o.h.jpa.internal.util.LogHelper - HHH000204: Processing PersistenceUnitInfo [name: default]
2023-03-17 10:51:13 [main] INFO  org.hibernate.Version - HHH000412: Hibernate ORM core version 5.6.12.Final
2023-03-17 10:51:13 [main] INFO  o.h.annotations.common.Version - HCANN000001: Hibernate Commons Annotations {5.1.2.Final}
2023-03-17 10:51:13 [main] INFO  com.zaxxer.hikari.HikariDataSource - HikariPool-1 - Starting...
2023-03-17 10:51:14 [main] INFO  com.zaxxer.hikari.HikariDataSource - HikariPool-1 - Start completed.
2023-03-17 10:51:14 [main] INFO  org.hibernate.dialect.Dialect - HHH000400: Using dialect: org.hibernate.dialect.H2Dialect
2023-03-17 10:51:15 [main] INFO  o.h.e.t.j.p.i.JtaPlatformInitiator - HHH000490: Using JtaPlatform implementation: [org.hibernate.engine.transaction.jta.platform.internal.NoJtaPlatform]
2023-03-17 10:51:15 [main] INFO  o.s.o.j.LocalContainerEntityManagerFactoryBean - Initialized JPA EntityManagerFactory for persistence unit 'default'
2023-03-17 10:51:18 [main] INFO  o.s.b.a.e.web.EndpointLinksResolver - Exposing 1 endpoint(s) beneath base path '/actuator'
2023-03-17 10:51:19 [main] WARN  o.s.b.a.o.j.JpaBaseConfiguration$JpaWebConfiguration - spring.jpa.open-in-view is enabled by default. Therefore, database queries may be performed during view rendering. Explicitly configure spring.jpa.open-in-view to disable this warning
2023-03-17 10:51:19 [main] INFO  o.s.b.a.h.H2ConsoleAutoConfiguration - H2 console available at '/h2-console'. Database available at 'jdbc:h2:file:./data/sample'
2023-03-17 10:51:20 [main] INFO  o.s.s.web.DefaultSecurityFilterChain - Will secure any request with [org.springframework.security.web.session.DisableEncodeUrlFilter@383c94ed, org.springframework.security.web.context.request.async.WebAsyncManagerIntegrationFilter@293ccbdd, org.springframework.security.web.context.SecurityContextPersistenceFilter@41cfcbb5, org.springframework.security.web.header.HeaderWriterFilter@3c634a04, org.springframework.security.web.authentication.logout.LogoutFilter@5aad4194, com.karaoke.karaokemaker.config.JsonObjectAuthenticationFilter@12f85dc8, org.springframework.security.web.authentication.UsernamePasswordAuthenticationFilter@4ce66169, com.karaoke.karaokemaker.config.JwtAuthorizationFilter@474a63d9, org.springframework.security.web.savedrequest.RequestCacheAwareFilter@1660bba7, org.springframework.security.web.servletapi.SecurityContextHolderAwareRequestFilter@771c4015, org.springframework.security.web.authentication.AnonymousAuthenticationFilter@1b8d0c21, org.springframework.security.web.session.SessionManagementFilter@36573ec5, org.springframework.security.web.access.ExceptionTranslationFilter@3b0471a5, org.springframework.security.web.access.intercept.AuthorizationFilter@732ffb6a]
2023-03-17 10:51:23 [main] INFO  o.s.b.t.m.w.SpringBootMockServletContext - Initializing Spring TestDispatcherServlet ''
2023-03-17 10:51:23 [main] INFO  o.s.t.w.s.TestDispatcherServlet - Initializing Servlet ''
2023-03-17 10:51:23 [main] INFO  o.s.t.w.s.TestDispatcherServlet - Completed initialization in 3 ms
2023-03-17 10:51:24 [main] INFO  c.k.k.controllers.UserControllerTest - Started UserControllerTest in 19.407 seconds (JVM running for 22.399)
2023-03-17 10:51:24 [SpringApplicationShutdownHook] INFO  o.s.o.j.LocalContainerEntityManagerFactoryBean - Closing JPA EntityManagerFactory for persistence unit 'default'
2023-03-17 10:51:24 [SpringApplicationShutdownHook] INFO  com.zaxxer.hikari.HikariDataSource - HikariPool-1 - Shutdown initiated...
2023-03-17 10:51:25 [SpringApplicationShutdownHook] INFO  com.zaxxer.hikari.HikariDataSource - HikariPool-1 - Shutdown completed.
2023-03-17 10:51:25 [SpringApplicationShutdownHook] INFO  org.ehcache.core.EhcacheManager - Cache 'Songs' removed from EhcacheManager.
2023-03-17 10:51:59 [main] INFO  c.k.k.controllers.UserControllerTest - Starting UserControllerTest using Java 18.0.1.1 on DESKTOP-9RD7I2V with PID 2764 (started by JAVA in C:\Users\JAVA\IdeaProjects\KaraokeMaker)
2023-03-17 10:51:59 [main] INFO  c.k.k.controllers.UserControllerTest - No active profile set, falling back to 1 default profile: "default"
2023-03-17 10:52:02 [main] INFO  o.s.d.r.c.RepositoryConfigurationDelegate - Bootstrapping Spring Data JPA repositories in DEFAULT mode.
2023-03-17 10:52:02 [main] INFO  o.s.d.r.c.RepositoryConfigurationDelegate - Finished Spring Data repository scanning in 116 ms. Found 3 JPA repository interfaces.
2023-03-17 10:52:05 [main] INFO  org.ehcache.core.EhcacheManager - Cache 'Songs' created in EhcacheManager.
2023-03-17 10:52:05 [main] INFO  org.ehcache.jsr107.Eh107CacheManager - Registering Ehcache MBean javax.cache:type=CacheStatistics,CacheManager=file./C./Users/JAVA/IdeaProjects/KaraokeMaker/target/classes/ehcache.xml,Cache=Songs
2023-03-17 10:52:05 [main] INFO  org.ehcache.jsr107.Eh107CacheManager - Registering Ehcache MBean javax.cache:type=CacheStatistics,CacheManager=file./C./Users/JAVA/IdeaProjects/KaraokeMaker/target/classes/ehcache.xml,Cache=Songs
2023-03-17 10:52:06 [main] INFO  o.h.jpa.internal.util.LogHelper - HHH000204: Processing PersistenceUnitInfo [name: default]
2023-03-17 10:52:06 [main] INFO  org.hibernate.Version - HHH000412: Hibernate ORM core version 5.6.12.Final
2023-03-17 10:52:06 [main] INFO  o.h.annotations.common.Version - HCANN000001: Hibernate Commons Annotations {5.1.2.Final}
2023-03-17 10:52:06 [main] INFO  com.zaxxer.hikari.HikariDataSource - HikariPool-1 - Starting...
2023-03-17 10:52:06 [main] INFO  com.zaxxer.hikari.HikariDataSource - HikariPool-1 - Start completed.
2023-03-17 10:52:07 [main] INFO  org.hibernate.dialect.Dialect - HHH000400: Using dialect: org.hibernate.dialect.H2Dialect
2023-03-17 10:52:08 [main] INFO  o.h.e.t.j.p.i.JtaPlatformInitiator - HHH000490: Using JtaPlatform implementation: [org.hibernate.engine.transaction.jta.platform.internal.NoJtaPlatform]
2023-03-17 10:52:08 [main] INFO  o.s.o.j.LocalContainerEntityManagerFactoryBean - Initialized JPA EntityManagerFactory for persistence unit 'default'
2023-03-17 10:52:10 [main] INFO  o.s.b.a.e.web.EndpointLinksResolver - Exposing 1 endpoint(s) beneath base path '/actuator'
2023-03-17 10:52:10 [main] WARN  o.s.b.a.o.j.JpaBaseConfiguration$JpaWebConfiguration - spring.jpa.open-in-view is enabled by default. Therefore, database queries may be performed during view rendering. Explicitly configure spring.jpa.open-in-view to disable this warning
2023-03-17 10:52:10 [main] INFO  o.s.b.a.h.H2ConsoleAutoConfiguration - H2 console available at '/h2-console'. Database available at 'jdbc:h2:file:./data/sample'
2023-03-17 10:52:11 [main] INFO  o.s.s.web.DefaultSecurityFilterChain - Will secure any request with [org.springframework.security.web.session.DisableEncodeUrlFilter@34d776eb, org.springframework.security.web.context.request.async.WebAsyncManagerIntegrationFilter@60a3a0fa, org.springframework.security.web.context.SecurityContextPersistenceFilter@6f99b8c4, org.springframework.security.web.header.HeaderWriterFilter@6ab123d0, org.springframework.security.web.authentication.logout.LogoutFilter@3022287e, com.karaoke.karaokemaker.config.JsonObjectAuthenticationFilter@17734113, org.springframework.security.web.authentication.UsernamePasswordAuthenticationFilter@3fe8d57a, com.karaoke.karaokemaker.config.JwtAuthorizationFilter@27aa700, org.springframework.security.web.savedrequest.RequestCacheAwareFilter@5cea34e6, org.springframework.security.web.servletapi.SecurityContextHolderAwareRequestFilter@4d0d97bb, org.springframework.security.web.authentication.AnonymousAuthenticationFilter@d15f98a, org.springframework.security.web.session.SessionManagementFilter@66c18b9b, org.springframework.security.web.access.ExceptionTranslationFilter@5b2ac349, org.springframework.security.web.access.intercept.AuthorizationFilter@6ba3eee9]
2023-03-17 10:52:13 [main] INFO  o.s.b.t.m.w.SpringBootMockServletContext - Initializing Spring TestDispatcherServlet ''
2023-03-17 10:52:13 [main] INFO  o.s.t.w.s.TestDispatcherServlet - Initializing Servlet ''
2023-03-17 10:52:13 [main] INFO  o.s.t.w.s.TestDispatcherServlet - Completed initialization in 3 ms
2023-03-17 10:52:14 [main] INFO  c.k.k.controllers.UserControllerTest - Started UserControllerTest in 15.411 seconds (JVM running for 17.917)
2023-03-17 10:52:14 [SpringApplicationShutdownHook] INFO  o.s.o.j.LocalContainerEntityManagerFactoryBean - Closing JPA EntityManagerFactory for persistence unit 'default'
2023-03-17 10:52:14 [SpringApplicationShutdownHook] INFO  com.zaxxer.hikari.HikariDataSource - HikariPool-1 - Shutdown initiated...
2023-03-17 10:52:14 [SpringApplicationShutdownHook] INFO  com.zaxxer.hikari.HikariDataSource - HikariPool-1 - Shutdown completed.
2023-03-17 10:52:14 [SpringApplicationShutdownHook] INFO  org.ehcache.core.EhcacheManager - Cache 'Songs' removed from EhcacheManager.
2023-03-17 10:52:34 [restartedMain] INFO  c.k.k.KaraokemakerApplication - Starting KaraokemakerApplication using Java 18.0.1.1 on DESKTOP-9RD7I2V with PID 5668 (C:\Users\JAVA\IdeaProjects\KaraokeMaker\target\classes started by JAVA in C:\Users\JAVA\IdeaProjects\KaraokeMaker)
2023-03-17 10:52:34 [restartedMain] INFO  c.k.k.KaraokemakerApplication - No active profile set, falling back to 1 default profile: "default"
2023-03-17 10:52:35 [restartedMain] INFO  o.s.b.d.e.DevToolsPropertyDefaultsPostProcessor - Devtools property defaults active! Set 'spring.devtools.add-properties' to 'false' to disable
2023-03-17 10:52:35 [restartedMain] INFO  o.s.b.d.e.DevToolsPropertyDefaultsPostProcessor - For additional web related logging consider setting the 'logging.level.web' property to 'DEBUG'
2023-03-17 10:52:37 [restartedMain] INFO  o.s.d.r.c.RepositoryConfigurationDelegate - Bootstrapping Spring Data JPA repositories in DEFAULT mode.
2023-03-17 10:52:37 [restartedMain] INFO  o.s.d.r.c.RepositoryConfigurationDelegate - Finished Spring Data repository scanning in 101 ms. Found 3 JPA repository interfaces.
2023-03-17 10:52:39 [restartedMain] INFO  o.s.b.w.e.tomcat.TomcatWebServer - Tomcat initialized with port(s): 8080 (http)
2023-03-17 10:52:39 [restartedMain] INFO  o.a.catalina.core.StandardService - Starting service [Tomcat]
2023-03-17 10:52:39 [restartedMain] INFO  o.a.catalina.core.StandardEngine - Starting Servlet engine: [Apache Tomcat/9.0.68]
2023-03-17 10:52:39 [restartedMain] INFO  o.a.c.c.C.[Tomcat].[localhost].[/] - Initializing Spring embedded WebApplicationContext
2023-03-17 10:52:39 [restartedMain] INFO  o.s.b.w.s.c.ServletWebServerApplicationContext - Root WebApplicationContext: initialization completed in 4680 ms
2023-03-17 10:52:40 [restartedMain] INFO  com.zaxxer.hikari.HikariDataSource - HikariPool-1 - Starting...
2023-03-17 10:52:40 [restartedMain] INFO  com.zaxxer.hikari.HikariDataSource - HikariPool-1 - Start completed.
2023-03-17 10:52:40 [restartedMain] INFO  o.s.b.a.h.H2ConsoleAutoConfiguration - H2 console available at '/h2-console'. Database available at 'jdbc:h2:file:./data/sample'
2023-03-17 10:52:41 [restartedMain] INFO  org.ehcache.core.EhcacheManager - Cache 'Songs' created in EhcacheManager.
2023-03-17 10:52:41 [restartedMain] INFO  org.ehcache.jsr107.Eh107CacheManager - Registering Ehcache MBean javax.cache:type=CacheStatistics,CacheManager=file./C./Users/JAVA/IdeaProjects/KaraokeMaker/target/classes/ehcache.xml,Cache=Songs
2023-03-17 10:52:41 [restartedMain] INFO  org.ehcache.jsr107.Eh107CacheManager - Registering Ehcache MBean javax.cache:type=CacheStatistics,CacheManager=file./C./Users/JAVA/IdeaProjects/KaraokeMaker/target/classes/ehcache.xml,Cache=Songs
2023-03-17 10:52:41 [restartedMain] INFO  o.h.jpa.internal.util.LogHelper - HHH000204: Processing PersistenceUnitInfo [name: default]
2023-03-17 10:52:41 [restartedMain] INFO  org.hibernate.Version - HHH000412: Hibernate ORM core version 5.6.12.Final
2023-03-17 10:52:42 [restartedMain] INFO  o.h.annotations.common.Version - HCANN000001: Hibernate Commons Annotations {5.1.2.Final}
2023-03-17 10:52:42 [restartedMain] INFO  org.hibernate.dialect.Dialect - HHH000400: Using dialect: org.hibernate.dialect.H2Dialect
2023-03-17 10:52:43 [restartedMain] INFO  o.h.e.t.j.p.i.JtaPlatformInitiator - HHH000490: Using JtaPlatform implementation: [org.hibernate.engine.transaction.jta.platform.internal.NoJtaPlatform]
2023-03-17 10:52:43 [restartedMain] INFO  o.s.o.j.LocalContainerEntityManagerFactoryBean - Initialized JPA EntityManagerFactory for persistence unit 'default'
2023-03-17 10:52:45 [restartedMain] INFO  o.s.b.a.e.web.EndpointLinksResolver - Exposing 1 endpoint(s) beneath base path '/actuator'
2023-03-17 10:52:45 [restartedMain] WARN  o.s.b.a.o.j.JpaBaseConfiguration$JpaWebConfiguration - spring.jpa.open-in-view is enabled by default. Therefore, database queries may be performed during view rendering. Explicitly configure spring.jpa.open-in-view to disable this warning
2023-03-17 10:52:45 [restartedMain] INFO  o.s.s.web.DefaultSecurityFilterChain - Will secure any request with [org.springframework.security.web.session.DisableEncodeUrlFilter@42654cdf, org.springframework.security.web.context.request.async.WebAsyncManagerIntegrationFilter@79402a33, org.springframework.security.web.context.SecurityContextPersistenceFilter@b4da326, org.springframework.security.web.header.HeaderWriterFilter@36de0258, org.springframework.security.web.authentication.logout.LogoutFilter@7d3205d7, com.karaoke.karaokemaker.config.JsonObjectAuthenticationFilter@577c75de, org.springframework.security.web.authentication.UsernamePasswordAuthenticationFilter@3dc26a17, com.karaoke.karaokemaker.config.JwtAuthorizationFilter@5c301d83, org.springframework.security.web.savedrequest.RequestCacheAwareFilter@1d4033a1, org.springframework.security.web.servletapi.SecurityContextHolderAwareRequestFilter@5f4dae9d, org.springframework.security.web.authentication.AnonymousAuthenticationFilter@34dbb16e, org.springframework.security.web.session.SessionManagementFilter@4010d5b4, org.springframework.security.web.access.ExceptionTranslationFilter@3f1a8042, org.springframework.security.web.access.intercept.AuthorizationFilter@781860c0]
2023-03-17 10:52:45 [restartedMain] INFO  o.s.b.d.a.OptionalLiveReloadServer - LiveReload server is running on port 35729
2023-03-17 10:52:46 [restartedMain] INFO  o.s.b.w.e.tomcat.TomcatWebServer - Tomcat started on port(s): 8080 (http) with context path ''
2023-03-17 10:52:47 [restartedMain] INFO  c.k.k.KaraokemakerApplication - Started KaraokemakerApplication in 13.017 seconds (JVM running for 14.299)
2023-03-17 10:53:08 [SpringApplicationShutdownHook] INFO  o.s.o.j.LocalContainerEntityManagerFactoryBean - Closing JPA EntityManagerFactory for persistence unit 'default'
2023-03-17 10:53:08 [SpringApplicationShutdownHook] INFO  org.ehcache.core.EhcacheManager - Cache 'Songs' removed from EhcacheManager.
2023-03-17 10:53:08 [SpringApplicationShutdownHook] INFO  com.zaxxer.hikari.HikariDataSource - HikariPool-1 - Shutdown initiated...
2023-03-17 10:53:08 [SpringApplicationShutdownHook] INFO  com.zaxxer.hikari.HikariDataSource - HikariPool-1 - Shutdown completed.
2023-03-17 10:53:21 [restartedMain] INFO  c.k.k.KaraokemakerApplication - Starting KaraokemakerApplication using Java 18.0.1.1 on DESKTOP-9RD7I2V with PID 17972 (C:\Users\JAVA\IdeaProjects\KaraokeMaker\target\classes started by JAVA in C:\Users\JAVA\IdeaProjects\KaraokeMaker)
2023-03-17 10:53:21 [restartedMain] INFO  c.k.k.KaraokemakerApplication - No active profile set, falling back to 1 default profile: "default"
2023-03-17 10:53:21 [restartedMain] INFO  o.s.b.d.e.DevToolsPropertyDefaultsPostProcessor - Devtools property defaults active! Set 'spring.devtools.add-properties' to 'false' to disable
2023-03-17 10:53:21 [restartedMain] INFO  o.s.b.d.e.DevToolsPropertyDefaultsPostProcessor - For additional web related logging consider setting the 'logging.level.web' property to 'DEBUG'
2023-03-17 10:53:24 [restartedMain] INFO  o.s.d.r.c.RepositoryConfigurationDelegate - Bootstrapping Spring Data JPA repositories in DEFAULT mode.
2023-03-17 10:53:24 [restartedMain] INFO  o.s.d.r.c.RepositoryConfigurationDelegate - Finished Spring Data repository scanning in 96 ms. Found 3 JPA repository interfaces.
2023-03-17 10:53:26 [restartedMain] INFO  o.s.b.w.e.tomcat.TomcatWebServer - Tomcat initialized with port(s): 8080 (http)
2023-03-17 10:53:26 [restartedMain] INFO  o.a.catalina.core.StandardService - Starting service [Tomcat]
2023-03-17 10:53:26 [restartedMain] INFO  o.a.catalina.core.StandardEngine - Starting Servlet engine: [Apache Tomcat/9.0.68]
2023-03-17 10:53:26 [restartedMain] INFO  o.a.c.c.C.[Tomcat].[localhost].[/] - Initializing Spring embedded WebApplicationContext
2023-03-17 10:53:26 [restartedMain] INFO  o.s.b.w.s.c.ServletWebServerApplicationContext - Root WebApplicationContext: initialization completed in 5306 ms
2023-03-17 10:53:27 [restartedMain] INFO  com.zaxxer.hikari.HikariDataSource - HikariPool-1 - Starting...
2023-03-17 10:53:27 [restartedMain] INFO  com.zaxxer.hikari.HikariDataSource - HikariPool-1 - Start completed.
2023-03-17 10:53:27 [restartedMain] INFO  o.s.b.a.h.H2ConsoleAutoConfiguration - H2 console available at '/h2-console'. Database available at 'jdbc:h2:file:./data/sample'
2023-03-17 10:53:28 [restartedMain] INFO  org.ehcache.core.EhcacheManager - Cache 'Songs' created in EhcacheManager.
2023-03-17 10:53:29 [restartedMain] INFO  org.ehcache.jsr107.Eh107CacheManager - Registering Ehcache MBean javax.cache:type=CacheStatistics,CacheManager=file./C./Users/JAVA/IdeaProjects/KaraokeMaker/target/classes/ehcache.xml,Cache=Songs
2023-03-17 10:53:29 [restartedMain] INFO  org.ehcache.jsr107.Eh107CacheManager - Registering Ehcache MBean javax.cache:type=CacheStatistics,CacheManager=file./C./Users/JAVA/IdeaProjects/KaraokeMaker/target/classes/ehcache.xml,Cache=Songs
2023-03-17 10:53:29 [restartedMain] INFO  o.h.jpa.internal.util.LogHelper - HHH000204: Processing PersistenceUnitInfo [name: default]
2023-03-17 10:53:29 [restartedMain] INFO  org.hibernate.Version - HHH000412: Hibernate ORM core version 5.6.12.Final
2023-03-17 10:53:29 [restartedMain] INFO  o.h.annotations.common.Version - HCANN000001: Hibernate Commons Annotations {5.1.2.Final}
2023-03-17 10:53:29 [restartedMain] INFO  org.hibernate.dialect.Dialect - HHH000400: Using dialect: org.hibernate.dialect.H2Dialect
2023-03-17 10:53:30 [restartedMain] INFO  o.h.e.t.j.p.i.JtaPlatformInitiator - HHH000490: Using JtaPlatform implementation: [org.hibernate.engine.transaction.jta.platform.internal.NoJtaPlatform]
2023-03-17 10:53:30 [restartedMain] INFO  o.s.o.j.LocalContainerEntityManagerFactoryBean - Initialized JPA EntityManagerFactory for persistence unit 'default'
2023-03-17 10:53:32 [restartedMain] INFO  o.s.b.a.e.web.EndpointLinksResolver - Exposing 1 endpoint(s) beneath base path '/actuator'
2023-03-17 10:53:32 [restartedMain] WARN  o.s.b.a.o.j.JpaBaseConfiguration$JpaWebConfiguration - spring.jpa.open-in-view is enabled by default. Therefore, database queries may be performed during view rendering. Explicitly configure spring.jpa.open-in-view to disable this warning
2023-03-17 10:53:33 [restartedMain] INFO  o.s.s.web.DefaultSecurityFilterChain - Will secure any request with [org.springframework.security.web.session.DisableEncodeUrlFilter@24d48c25, org.springframework.security.web.context.request.async.WebAsyncManagerIntegrationFilter@4d6d1910, org.springframework.security.web.context.SecurityContextPersistenceFilter@13bff01e, org.springframework.security.web.header.HeaderWriterFilter@1d4033a1, org.springframework.security.web.authentication.logout.LogoutFilter@e781b7b, com.karaoke.karaokemaker.config.JsonObjectAuthenticationFilter@11a0257d, org.springframework.security.web.authentication.UsernamePasswordAuthenticationFilter@4c321474, com.karaoke.karaokemaker.config.JwtAuthorizationFilter@4bfba4f2, org.springframework.security.web.savedrequest.RequestCacheAwareFilter@ec75dfd, org.springframework.security.web.servletapi.SecurityContextHolderAwareRequestFilter@6b05cf6, org.springframework.security.web.authentication.AnonymousAuthenticationFilter@4bcebc0c, org.springframework.security.web.session.SessionManagementFilter@3d102f40, org.springframework.security.web.access.ExceptionTranslationFilter@b4da326, org.springframework.security.web.access.intercept.AuthorizationFilter@34dbb16e]
2023-03-17 10:53:33 [restartedMain] INFO  o.s.b.d.a.OptionalLiveReloadServer - LiveReload server is running on port 35729
2023-03-17 10:53:33 [restartedMain] INFO  o.s.b.w.e.tomcat.TomcatWebServer - Tomcat started on port(s): 8080 (http) with context path ''
2023-03-17 10:53:34 [restartedMain] INFO  c.k.k.KaraokemakerApplication - Started KaraokemakerApplication in 14.395 seconds (JVM running for 15.828)
2023-03-17 10:53:36 [SpringApplicationShutdownHook] INFO  o.s.o.j.LocalContainerEntityManagerFactoryBean - Closing JPA EntityManagerFactory for persistence unit 'default'
2023-03-17 10:53:37 [SpringApplicationShutdownHook] INFO  org.ehcache.core.EhcacheManager - Cache 'Songs' removed from EhcacheManager.
2023-03-17 10:53:37 [SpringApplicationShutdownHook] INFO  com.zaxxer.hikari.HikariDataSource - HikariPool-1 - Shutdown initiated...
2023-03-17 10:53:37 [SpringApplicationShutdownHook] INFO  com.zaxxer.hikari.HikariDataSource - HikariPool-1 - Shutdown completed.
2023-03-17 10:53:52 [restartedMain] INFO  c.k.k.KaraokemakerApplication - Starting KaraokemakerApplication using Java 18.0.1.1 on DESKTOP-9RD7I2V with PID 3832 (C:\Users\JAVA\IdeaProjects\KaraokeMaker\target\classes started by JAVA in C:\Users\JAVA\IdeaProjects\KaraokeMaker)
2023-03-17 10:53:52 [restartedMain] INFO  c.k.k.KaraokemakerApplication - No active profile set, falling back to 1 default profile: "default"
2023-03-17 10:53:52 [restartedMain] INFO  o.s.b.d.e.DevToolsPropertyDefaultsPostProcessor - Devtools property defaults active! Set 'spring.devtools.add-properties' to 'false' to disable
2023-03-17 10:53:52 [restartedMain] INFO  o.s.b.d.e.DevToolsPropertyDefaultsPostProcessor - For additional web related logging consider setting the 'logging.level.web' property to 'DEBUG'
2023-03-17 10:53:56 [restartedMain] INFO  o.s.d.r.c.RepositoryConfigurationDelegate - Bootstrapping Spring Data JPA repositories in DEFAULT mode.
2023-03-17 10:53:56 [restartedMain] INFO  o.s.d.r.c.RepositoryConfigurationDelegate - Finished Spring Data repository scanning in 84 ms. Found 3 JPA repository interfaces.
2023-03-17 10:53:58 [restartedMain] INFO  o.s.b.w.e.tomcat.TomcatWebServer - Tomcat initialized with port(s): 8080 (http)
2023-03-17 10:53:58 [restartedMain] INFO  o.a.catalina.core.StandardService - Starting service [Tomcat]
2023-03-17 10:53:58 [restartedMain] INFO  o.a.catalina.core.StandardEngine - Starting Servlet engine: [Apache Tomcat/9.0.68]
2023-03-17 10:53:58 [restartedMain] INFO  o.a.c.c.C.[Tomcat].[localhost].[/] - Initializing Spring embedded WebApplicationContext
2023-03-17 10:53:58 [restartedMain] INFO  o.s.b.w.s.c.ServletWebServerApplicationContext - Root WebApplicationContext: initialization completed in 6057 ms
2023-03-17 10:53:59 [restartedMain] INFO  com.zaxxer.hikari.HikariDataSource - HikariPool-1 - Starting...
2023-03-17 10:54:00 [restartedMain] INFO  com.zaxxer.hikari.HikariDataSource - HikariPool-1 - Start completed.
2023-03-17 10:54:00 [restartedMain] INFO  o.s.b.a.h.H2ConsoleAutoConfiguration - H2 console available at '/h2-console'. Database available at 'jdbc:h2:file:./data/sample'
2023-03-17 10:54:02 [restartedMain] INFO  org.ehcache.core.EhcacheManager - Cache 'Songs' created in EhcacheManager.
2023-03-17 10:54:02 [restartedMain] INFO  org.ehcache.jsr107.Eh107CacheManager - Registering Ehcache MBean javax.cache:type=CacheStatistics,CacheManager=file./C./Users/JAVA/IdeaProjects/KaraokeMaker/target/classes/ehcache.xml,Cache=Songs
2023-03-17 10:54:02 [restartedMain] INFO  org.ehcache.jsr107.Eh107CacheManager - Registering Ehcache MBean javax.cache:type=CacheStatistics,CacheManager=file./C./Users/JAVA/IdeaProjects/KaraokeMaker/target/classes/ehcache.xml,Cache=Songs
2023-03-17 10:54:02 [restartedMain] INFO  o.h.jpa.internal.util.LogHelper - HHH000204: Processing PersistenceUnitInfo [name: default]
2023-03-17 10:54:02 [restartedMain] INFO  org.hibernate.Version - HHH000412: Hibernate ORM core version 5.6.12.Final
2023-03-17 10:54:03 [restartedMain] INFO  o.h.annotations.common.Version - HCANN000001: Hibernate Commons Annotations {5.1.2.Final}
2023-03-17 10:54:03 [restartedMain] INFO  org.hibernate.dialect.Dialect - HHH000400: Using dialect: org.hibernate.dialect.H2Dialect
2023-03-17 10:54:04 [restartedMain] INFO  o.h.e.t.j.p.i.JtaPlatformInitiator - HHH000490: Using JtaPlatform implementation: [org.hibernate.engine.transaction.jta.platform.internal.NoJtaPlatform]
2023-03-17 10:54:04 [restartedMain] INFO  o.s.o.j.LocalContainerEntityManagerFactoryBean - Initialized JPA EntityManagerFactory for persistence unit 'default'
2023-03-17 10:54:08 [restartedMain] INFO  o.s.b.a.e.web.EndpointLinksResolver - Exposing 1 endpoint(s) beneath base path '/actuator'
2023-03-17 10:54:08 [restartedMain] WARN  o.s.b.a.o.j.JpaBaseConfiguration$JpaWebConfiguration - spring.jpa.open-in-view is enabled by default. Therefore, database queries may be performed during view rendering. Explicitly configure spring.jpa.open-in-view to disable this warning
2023-03-17 10:54:08 [restartedMain] INFO  o.s.s.web.DefaultSecurityFilterChain - Will secure any request with [org.springframework.security.web.session.DisableEncodeUrlFilter@7c894473, org.springframework.security.web.context.request.async.WebAsyncManagerIntegrationFilter@4b21bb8a, org.springframework.security.web.context.SecurityContextPersistenceFilter@72b1d417, org.springframework.security.web.header.HeaderWriterFilter@2715d25e, org.springframework.security.web.authentication.logout.LogoutFilter@11a0257d, com.karaoke.karaokemaker.config.JsonObjectAuthenticationFilter@7e4df294, org.springframework.security.web.authentication.UsernamePasswordAuthenticationFilter@25520163, com.karaoke.karaokemaker.config.JwtAuthorizationFilter@4a5e2b23, org.springframework.security.web.savedrequest.RequestCacheAwareFilter@1fc7feb5, org.springframework.security.web.servletapi.SecurityContextHolderAwareRequestFilter@6a8f895e, org.springframework.security.web.authentication.AnonymousAuthenticationFilter@7cc244c7, org.springframework.security.web.session.SessionManagementFilter@e3583e7, org.springframework.security.web.access.ExceptionTranslationFilter@5b3edc1d, org.springframework.security.web.access.intercept.AuthorizationFilter@d275707]
2023-03-17 10:54:09 [restartedMain] INFO  o.s.b.d.a.OptionalLiveReloadServer - LiveReload server is running on port 35729
2023-03-17 10:54:09 [restartedMain] INFO  o.s.b.w.e.tomcat.TomcatWebServer - Tomcat started on port(s): 8080 (http) with context path ''
2023-03-17 10:54:10 [restartedMain] INFO  c.k.k.KaraokemakerApplication - Started KaraokemakerApplication in 19.097 seconds (JVM running for 20.379)
2023-03-17 10:54:20 [http-nio-8080-exec-1] INFO  o.a.c.c.C.[Tomcat].[localhost].[/] - Initializing Spring DispatcherServlet 'dispatcherServlet'
2023-03-17 10:54:20 [http-nio-8080-exec-1] INFO  o.s.web.servlet.DispatcherServlet - Initializing Servlet 'dispatcherServlet'
2023-03-17 10:54:20 [http-nio-8080-exec-1] INFO  o.s.web.servlet.DispatcherServlet - Completed initialization in 3 ms
2023-03-17 10:55:26 [http-nio-8080-exec-9] INFO  c.k.k.controllers.ChordController - Getting all chords
2023-03-17 10:55:38 [SpringApplicationShutdownHook] INFO  o.s.o.j.LocalContainerEntityManagerFactoryBean - Closing JPA EntityManagerFactory for persistence unit 'default'
2023-03-17 10:55:38 [SpringApplicationShutdownHook] INFO  org.ehcache.core.EhcacheManager - Cache 'Songs' removed from EhcacheManager.
2023-03-17 10:55:38 [SpringApplicationShutdownHook] INFO  com.zaxxer.hikari.HikariDataSource - HikariPool-1 - Shutdown initiated...
2023-03-17 10:55:38 [SpringApplicationShutdownHook] INFO  com.zaxxer.hikari.HikariDataSource - HikariPool-1 - Shutdown completed.
